* Starting client
* Connecting to master process on port 3197
* Analyzing classpath: 
  - /home/dianateixeira/Transferências/ATS_TP-main/POO-SmartComunity-main/out/production/POO-SmartComunity-main
  - /usr/lib/jvm/java-1.8.0-openjdk-amd64/jre/lib/charsets.jar
  - /usr/lib/jvm/java-1.8.0-openjdk-amd64/jre/lib/ext/cldrdata.jar
  - /usr/lib/jvm/java-1.8.0-openjdk-amd64/jre/lib/ext/dnsns.jar
  - /usr/lib/jvm/java-1.8.0-openjdk-amd64/jre/lib/ext/icedtea-sound.jar
  - /usr/lib/jvm/java-1.8.0-openjdk-amd64/jre/lib/ext/jaccess.jar
  - /usr/lib/jvm/java-1.8.0-openjdk-amd64/jre/lib/ext/java-atk-wrapper.jar
  - /usr/lib/jvm/java-1.8.0-openjdk-amd64/jre/lib/ext/localedata.jar
  - /usr/lib/jvm/java-1.8.0-openjdk-amd64/jre/lib/ext/nashorn.jar
  - /usr/lib/jvm/java-1.8.0-openjdk-amd64/jre/lib/ext/sunec.jar
  - /usr/lib/jvm/java-1.8.0-openjdk-amd64/jre/lib/ext/sunjce_provider.jar
  - /usr/lib/jvm/java-1.8.0-openjdk-amd64/jre/lib/ext/sunpkcs11.jar
  - /usr/lib/jvm/java-1.8.0-openjdk-amd64/jre/lib/ext/zipfs.jar
  - /usr/lib/jvm/java-1.8.0-openjdk-amd64/jre/lib/jce.jar
  - /usr/lib/jvm/java-1.8.0-openjdk-amd64/jre/lib/jfr.jar
  - /usr/lib/jvm/java-1.8.0-openjdk-amd64/jre/lib/jsse.jar
  - /usr/lib/jvm/java-1.8.0-openjdk-amd64/jre/lib/management-agent.jar
  - /usr/lib/jvm/java-1.8.0-openjdk-amd64/jre/lib/resources.jar
  - /usr/lib/jvm/java-1.8.0-openjdk-amd64/jre/lib/rt.jar
  - /home/dianateixeira/Transferências/ATS_TP-main/POO-SmartComunity-main/out/production/POO-SmartComunity-main
  - /home/dianateixeira/Transferências/ATS_TP-main/POO-SmartComunity-main/lib/junit-platform-console-standalone-1.8.2.jar
  - /home/dianateixeira/Transferências/ATS_TP-main/POO-SmartComunity-main/out/production/POO-SmartComunity-main/lib/junit-platform-console-standalone-1.8.2.jar
* Finished analyzing classpath
* Generating tests for class SmartCamera
* Test criteria:
  - Line Coverage
  - Branch Coverage
  - Exception
  - Mutation testing (weak)
  - Method-Output Coverage
  - Top-Level Method Coverage
  - No-Exception Top-Level Method Coverage
  - Context Branch Coverage
* Setting up search algorithm for whole suite generation
[MASTER] 19:12:10.005 [pool-2-thread-1] WARN  TestSuiteSerialization - Cannot load tests because file does not exist: /home/dianateixeira/Transferências/ATS_TP-main/POO-SmartComunity-main/.evosuite/evosuite-seeds/SmartCamera.seed
* Loaded 0 tests from /home/dianateixeira/Transferências/ATS_TP-main/POO-SmartComunity-main/.evosuite/evosuite-seeds/SmartCamera.seed
* Total number of test goals: 
  - Line 69
  - Branch 51
  - Exception 0
  - MutationFactory 102
  - Output 44
  - Method 18
  - MethodNoException 18
  - CBranchFitnessFactory 51
* Using seed 1684260726545
* Starting evolution
* Search finished after 96s and 1618 generations, 528026 statements, best individual has fitness: 6.0
* Writing sequences to pool
* Minimizing test suite
* Going to analyze the coverage criteria
* Coverage analysis for criterion LINE
* Coverage of criterion LINE: 100%
* Total number of goals: 69
* Number of covered goals: 69
* Coverage analysis for criterion BRANCH
* Coverage of criterion BRANCH: 98%
* Total number of goals: 51
* Number of covered goals: 50
* Coverage analysis for criterion EXCEPTION
* Coverage of criterion EXCEPTION: 100%
* Total number of goals: 1
* Number of covered goals: 1
* Coverage analysis for criterion WEAKMUTATION
* Coverage of criterion WEAKMUTATION: 100%
* Total number of goals: 102
* Number of covered goals: 102
* Coverage analysis for criterion OUTPUT
* Coverage of criterion OUTPUT: 93%
* Total number of goals: 44
* Number of covered goals: 41
* Coverage analysis for criterion METHOD
* Coverage of criterion METHOD: 100%
* Total number of goals: 18
* Number of covered goals: 18
* Coverage analysis for criterion METHODNOEXCEPTION
* Coverage of criterion METHODNOEXCEPTION: 100%
* Total number of goals: 18
* Number of covered goals: 18
* Coverage analysis for criterion CBRANCH
* Coverage of criterion CBRANCH: 98%
* Total number of goals: 51
* Number of covered goals: 50
* Generated 37 tests with total length 97
* Resulting test suite's coverage: 99% (average coverage for all fitness functions)
* Generating assertions
* Resulting test suite's mutation score: 89%
* Compiling and checking tests
* Writing JUnit test case 'SmartCamera_ESTest' to /home/dianateixeira/Transferências/ATS_TP-main/POO-SmartComunity-main/.evosuite/tmp_2023_05_16_19_12_04/tests
* Done!

