* Starting client
* Connecting to master process on port 18960
* Analyzing classpath: 
  - /home/dianateixeira/Transferências/ATS_TP-main/POO-SmartComunity-main/out/production/POO-SmartComunity-main
  - /usr/lib/jvm/java-1.8.0-openjdk-amd64/jre/lib/charsets.jar
  - /usr/lib/jvm/java-1.8.0-openjdk-amd64/jre/lib/ext/cldrdata.jar
  - /usr/lib/jvm/java-1.8.0-openjdk-amd64/jre/lib/ext/dnsns.jar
  - /usr/lib/jvm/java-1.8.0-openjdk-amd64/jre/lib/ext/icedtea-sound.jar
  - /usr/lib/jvm/java-1.8.0-openjdk-amd64/jre/lib/ext/jaccess.jar
  - /usr/lib/jvm/java-1.8.0-openjdk-amd64/jre/lib/ext/java-atk-wrapper.jar
  - /usr/lib/jvm/java-1.8.0-openjdk-amd64/jre/lib/ext/localedata.jar
  - /usr/lib/jvm/java-1.8.0-openjdk-amd64/jre/lib/ext/nashorn.jar
  - /usr/lib/jvm/java-1.8.0-openjdk-amd64/jre/lib/ext/sunec.jar
  - /usr/lib/jvm/java-1.8.0-openjdk-amd64/jre/lib/ext/sunjce_provider.jar
  - /usr/lib/jvm/java-1.8.0-openjdk-amd64/jre/lib/ext/sunpkcs11.jar
  - /usr/lib/jvm/java-1.8.0-openjdk-amd64/jre/lib/ext/zipfs.jar
  - /usr/lib/jvm/java-1.8.0-openjdk-amd64/jre/lib/jce.jar
  - /usr/lib/jvm/java-1.8.0-openjdk-amd64/jre/lib/jfr.jar
  - /usr/lib/jvm/java-1.8.0-openjdk-amd64/jre/lib/jsse.jar
  - /usr/lib/jvm/java-1.8.0-openjdk-amd64/jre/lib/management-agent.jar
  - /usr/lib/jvm/java-1.8.0-openjdk-amd64/jre/lib/resources.jar
  - /usr/lib/jvm/java-1.8.0-openjdk-amd64/jre/lib/rt.jar
  - /home/dianateixeira/Transferências/ATS_TP-main/POO-SmartComunity-main/out/production/POO-SmartComunity-main
  - /home/dianateixeira/Transferências/ATS_TP-main/POO-SmartComunity-main/lib/junit-platform-console-standalone-1.8.2.jar
  - /home/dianateixeira/Transferências/ATS_TP-main/POO-SmartComunity-main/out/production/POO-SmartComunity-main/lib/junit-platform-console-standalone-1.8.2.jar
* Finished analyzing classpath
* Generating tests for class Invoice
* Test criteria:
  - Line Coverage
  - Branch Coverage
  - Exception
  - Mutation testing (weak)
  - Method-Output Coverage
  - Top-Level Method Coverage
  - No-Exception Top-Level Method Coverage
  - Context Branch Coverage
* Setting up search algorithm for whole suite generation
[MASTER] 19:05:50.586 [pool-2-thread-1] WARN  TestSuiteSerialization - Cannot load tests because file does not exist: /home/dianateixeira/Transferências/ATS_TP-main/POO-SmartComunity-main/.evosuite/evosuite-seeds/Invoice.seed
* Loaded 0 tests from /home/dianateixeira/Transferências/ATS_TP-main/POO-SmartComunity-main/.evosuite/evosuite-seeds/Invoice.seed
* Total number of test goals: 
  - Line 53
  - Branch 32
  - Exception 0
  - MutationFactory 73
  - Output 33
  - Method 16
  - MethodNoException 16
  - CBranchFitnessFactory 32
* Using seed 1684260347107
* Starting evolution
* Search finished after 96s and 2047 generations, 558191 statements, best individual has fitness: 3.5
* Writing sequences to pool
* Minimizing test suite
* Going to analyze the coverage criteria
* Coverage analysis for criterion LINE
* Coverage of criterion LINE: 100%
* Total number of goals: 53
* Number of covered goals: 53
* Coverage analysis for criterion BRANCH
* Coverage of criterion BRANCH: 100%
* Total number of goals: 32
* Number of covered goals: 32
* Coverage analysis for criterion EXCEPTION
* Coverage of criterion EXCEPTION: 100%
* Total number of goals: 1
* Number of covered goals: 1
* Coverage analysis for criterion WEAKMUTATION
* Coverage of criterion WEAKMUTATION: 100%
* Total number of goals: 73
* Number of covered goals: 73
* Coverage analysis for criterion OUTPUT
* Coverage of criterion OUTPUT: 91%
* Total number of goals: 33
* Number of covered goals: 30
* Coverage analysis for criterion METHOD
* Coverage of criterion METHOD: 100%
* Total number of goals: 16
* Number of covered goals: 16
* Coverage analysis for criterion METHODNOEXCEPTION
* Coverage of criterion METHODNOEXCEPTION: 100%
* Total number of goals: 16
* Number of covered goals: 16
* Coverage analysis for criterion CBRANCH
* Coverage of criterion CBRANCH: 100%
* Total number of goals: 32
* Number of covered goals: 32
* Generated 31 tests with total length 84
* Resulting test suite's coverage: 99% (average coverage for all fitness functions)
* Generating assertions
* Resulting test suite's mutation score: 90%
* Compiling and checking tests
* Writing JUnit test case 'Invoice_ESTest' to /home/dianateixeira/Transferências/ATS_TP-main/POO-SmartComunity-main/.evosuite/tmp_2023_05_16_19_05_45/tests
* Done!

