* Starting client
* Connecting to master process on port 2295
* Analyzing classpath: 
  - /home/dianateixeira/Transferências/ATS_TP-main/POO-SmartComunity-main/out/production/POO-SmartComunity-main
  - /usr/lib/jvm/java-1.8.0-openjdk-amd64/jre/lib/charsets.jar
  - /usr/lib/jvm/java-1.8.0-openjdk-amd64/jre/lib/ext/cldrdata.jar
  - /usr/lib/jvm/java-1.8.0-openjdk-amd64/jre/lib/ext/dnsns.jar
  - /usr/lib/jvm/java-1.8.0-openjdk-amd64/jre/lib/ext/icedtea-sound.jar
  - /usr/lib/jvm/java-1.8.0-openjdk-amd64/jre/lib/ext/jaccess.jar
  - /usr/lib/jvm/java-1.8.0-openjdk-amd64/jre/lib/ext/java-atk-wrapper.jar
  - /usr/lib/jvm/java-1.8.0-openjdk-amd64/jre/lib/ext/localedata.jar
  - /usr/lib/jvm/java-1.8.0-openjdk-amd64/jre/lib/ext/nashorn.jar
  - /usr/lib/jvm/java-1.8.0-openjdk-amd64/jre/lib/ext/sunec.jar
  - /usr/lib/jvm/java-1.8.0-openjdk-amd64/jre/lib/ext/sunjce_provider.jar
  - /usr/lib/jvm/java-1.8.0-openjdk-amd64/jre/lib/ext/sunpkcs11.jar
  - /usr/lib/jvm/java-1.8.0-openjdk-amd64/jre/lib/ext/zipfs.jar
  - /usr/lib/jvm/java-1.8.0-openjdk-amd64/jre/lib/jce.jar
  - /usr/lib/jvm/java-1.8.0-openjdk-amd64/jre/lib/jfr.jar
  - /usr/lib/jvm/java-1.8.0-openjdk-amd64/jre/lib/jsse.jar
  - /usr/lib/jvm/java-1.8.0-openjdk-amd64/jre/lib/management-agent.jar
  - /usr/lib/jvm/java-1.8.0-openjdk-amd64/jre/lib/resources.jar
  - /usr/lib/jvm/java-1.8.0-openjdk-amd64/jre/lib/rt.jar
  - /home/dianateixeira/Transferências/ATS_TP-main/POO-SmartComunity-main/out/production/POO-SmartComunity-main
  - /home/dianateixeira/Transferências/ATS_TP-main/POO-SmartComunity-main/lib/junit-platform-console-standalone-1.8.2.jar
  - /home/dianateixeira/Transferências/ATS_TP-main/POO-SmartComunity-main/out/production/POO-SmartComunity-main/lib/junit-platform-console-standalone-1.8.2.jar
* Finished analyzing classpath
* Generating tests for class SmartDevice
* Test criteria:
  - Line Coverage
  - Branch Coverage
  - Exception
  - Mutation testing (weak)
  - Method-Output Coverage
  - Top-Level Method Coverage
  - No-Exception Top-Level Method Coverage
  - Context Branch Coverage
* Setting up search algorithm for whole suite generation
[MASTER] 15:35:15.973 [pool-2-thread-1] WARN  TestSuiteSerialization - Cannot load tests because file does not exist: /home/dianateixeira/Transferências/ATS_TP-main/POO-SmartComunity-main/.evosuite/evosuite-seeds/SmartDevice.seed
* Loaded 0 tests from /home/dianateixeira/Transferências/ATS_TP-main/POO-SmartComunity-main/.evosuite/evosuite-seeds/SmartDevice.seed
* Total number of test goals: 
  - Line 55
  - Branch 26
  - Exception 0
  - MutationFactory 42
  - Output 25
  - Method 12
  - MethodNoException 12
  - CBranchFitnessFactory 26
* Using seed 1684247712378
* Starting evolution
* Search finished after 97s and 2262 generations, 663130 statements, best individual has fitness: 35.9375
* Writing sequences to pool
* Minimizing test suite
* Going to analyze the coverage criteria
* Coverage analysis for criterion LINE
* Coverage of criterion LINE: 73%
* Total number of goals: 55
* Number of covered goals: 40
* Coverage analysis for criterion BRANCH
* Coverage of criterion BRANCH: 85%
* Total number of goals: 26
* Number of covered goals: 22
* Coverage analysis for criterion EXCEPTION
* Coverage of criterion EXCEPTION: 100% (no goals)
* Coverage analysis for criterion WEAKMUTATION
* Coverage of criterion WEAKMUTATION: 95%
* Total number of goals: 42
* Number of covered goals: 40
* Coverage analysis for criterion OUTPUT
* Coverage of criterion OUTPUT: 88%
* Total number of goals: 25
* Number of covered goals: 22
* Coverage analysis for criterion METHOD
* Coverage of criterion METHOD: 100%
* Total number of goals: 12
* Number of covered goals: 12
* Coverage analysis for criterion METHODNOEXCEPTION
* Coverage of criterion METHODNOEXCEPTION: 100%
* Total number of goals: 12
* Number of covered goals: 12
* Coverage analysis for criterion CBRANCH
* Coverage of criterion CBRANCH: 31%
* Total number of goals: 26
* Number of covered goals: 8
* Generated 22 tests with total length 57
* Resulting test suite's coverage: 84% (average coverage for all fitness functions)
* Generating assertions
* Resulting test suite's mutation score: 71%
* Compiling and checking tests
* Writing JUnit test case 'SmartDevice_ESTest' to /home/dianateixeira/Transferências/ATS_TP-main/POO-SmartComunity-main/.evosuite/tmp_2023_05_16_15_35_10/tests
* Done!

